<?xml version="1.0" encoding="UTF-8"?>
<robot generator="Robot 3.2.2 (Python 3.7.4 on win32)" generated="20201210 16:07:52.389" rpa="false">
<suite id="s1" name="Testsuite" source="D:\allure_demo\testsuite">
<suite id="s1-s1" name="Suite1" source="D:\allure_demo\testsuite\suite1.robot">
<test id="s1-s1-t1" name="TC001">
<kw name="Testcase 001" library="testcases.testcase">
<msg timestamp="20201210 16:07:52.681" level="INFO">this is common method run
test case 001 complete</msg>
<status status="PASS" starttime="20201210 16:07:52.681" endtime="20201210 16:07:52.682"></status>
</kw>
<status status="PASS" starttime="20201210 16:07:52.679" endtime="20201210 16:07:52.684" critical="yes"></status>
</test>
<test id="s1-s1-t2" name="TC002">
<kw name="Testcase 002" library="testcases.testcase">
<msg timestamp="20201210 16:07:52.692" level="INFO">this is common method run
test case 002 complete</msg>
<status status="PASS" starttime="20201210 16:07:52.691" endtime="20201210 16:07:52.692"></status>
</kw>
<status status="PASS" starttime="20201210 16:07:52.690" endtime="20201210 16:07:52.695" critical="yes"></status>
</test>
<status status="PASS" starttime="20201210 16:07:52.650" endtime="20201210 16:07:52.701"></status>
</suite>
<status status="PASS" starttime="20201210 16:07:52.585" endtime="20201210 16:07:53.000"></status>
</suite>
<statistics>
<total>
<stat pass="2" fail="0">Critical Tests</stat>
<stat pass="2" fail="0">All Tests</stat>
</total>
<tag>
</tag>
<suite>
<stat pass="2" fail="0" id="s1" name="Testsuite">Testsuite</stat>
<stat pass="2" fail="0" id="s1-s1" name="Suite1">Testsuite.Suite1</stat>
</suite>
</statistics>
<errors>
</errors>
</robot>
