<?xml version="1.0" encoding="UTF-8"?>
<robot generator="Robot 3.2.2 (Python 3.7.4 on win32)" generated="20201113 00:15:01.780" rpa="false">
<suite id="s1" name="Testsuite" source="D:\AllureDemo\testsuite">
<suite id="s1-s1" name="Suite1" source="D:\AllureDemo\testsuite\suite1.robot">
<test id="s1-s1-t1" name="TC001">
<kw name="Testcase 001" library="testcases.testcase">
<msg timestamp="20201113 00:15:01.853" level="INFO">this is common method run
test case 001 complete</msg>
<status status="PASS" starttime="20201113 00:15:01.853" endtime="20201113 00:15:01.853"></status>
</kw>
<status status="PASS" starttime="20201113 00:15:01.853" endtime="20201113 00:15:01.854" critical="yes"></status>
</test>
<test id="s1-s1-t2" name="TC002">
<kw name="Testcase 002" library="testcases.testcase">
<msg timestamp="20201113 00:15:01.857" level="INFO">this is common method run
test case 002 complete</msg>
<status status="PASS" starttime="20201113 00:15:01.857" endtime="20201113 00:15:01.857"></status>
</kw>
<status status="PASS" starttime="20201113 00:15:01.856" endtime="20201113 00:15:01.858" critical="yes"></status>
</test>
<status status="PASS" starttime="20201113 00:15:01.847" endtime="20201113 00:15:01.859"></status>
</suite>
<status status="PASS" starttime="20201113 00:15:01.830" endtime="20201113 00:15:01.862"></status>
</suite>
<statistics>
<total>
<stat pass="2" fail="0">Critical Tests</stat>
<stat pass="2" fail="0">All Tests</stat>
</total>
<tag>
</tag>
<suite>
<stat pass="2" fail="0" id="s1" name="Testsuite">Testsuite</stat>
<stat pass="2" fail="0" id="s1-s1" name="Suite1">Testsuite.Suite1</stat>
</suite>
</statistics>
<errors>
</errors>
</robot>
